<?xml version="1.0" encoding="UTF-8"?>
<testsuite name="com.ergosapiens.ergopay.ErgopayApplicationTests" tests="1" skipped="0" failures="0" errors="0" timestamp="2022-08-07T14:04:41" hostname="SHISHIRPC" time="0.337">
  <properties/>
  <testcase name="contextLoads()" classname="com.ergosapiens.ergopay.ErgopayApplicationTests" time="0.337"/>
  <system-out><![CDATA[10:04:39.491 [Test worker] DEBUG org.springframework.test.context.BootstrapUtils - Instantiating CacheAwareContextLoaderDelegate from class [org.springframework.test.context.cache.DefaultCacheAwareContextLoaderDelegate]
10:04:39.501 [Test worker] DEBUG org.springframework.test.context.BootstrapUtils - Instantiating BootstrapContext using constructor [public org.springframework.test.context.support.DefaultBootstrapContext(java.lang.Class,org.springframework.test.context.CacheAwareContextLoaderDelegate)]
10:04:39.531 [Test worker] DEBUG org.springframework.test.context.BootstrapUtils - Instantiating TestContextBootstrapper for test class [com.ergosapiens.ergopay.ErgopayApplicationTests] from class [org.springframework.boot.test.context.SpringBootTestContextBootstrapper]
10:04:39.541 [Test worker] INFO org.springframework.boot.test.context.SpringBootTestContextBootstrapper - Neither @ContextConfiguration nor @ContextHierarchy found for test class [com.ergosapiens.ergopay.ErgopayApplicationTests], using SpringBootContextLoader
10:04:39.544 [Test worker] DEBUG org.springframework.test.context.support.AbstractContextLoader - Did not detect default resource location for test class [com.ergosapiens.ergopay.ErgopayApplicationTests]: class path resource [com/ergosapiens/ergopay/ErgopayApplicationTests-context.xml] does not exist
10:04:39.544 [Test worker] DEBUG org.springframework.test.context.support.AbstractContextLoader - Did not detect default resource location for test class [com.ergosapiens.ergopay.ErgopayApplicationTests]: class path resource [com/ergosapiens/ergopay/ErgopayApplicationTestsContext.groovy] does not exist
10:04:39.544 [Test worker] INFO org.springframework.test.context.support.AbstractContextLoader - Could not detect default resource locations for test class [com.ergosapiens.ergopay.ErgopayApplicationTests]: no resource found for suffixes {-context.xml, Context.groovy}.
10:04:39.545 [Test worker] INFO org.springframework.test.context.support.AnnotationConfigContextLoaderUtils - Could not detect default configuration classes for test class [com.ergosapiens.ergopay.ErgopayApplicationTests]: ErgopayApplicationTests does not declare any static, non-private, non-final, nested classes annotated with @Configuration.
10:04:39.580 [Test worker] DEBUG org.springframework.test.context.support.ActiveProfilesUtils - Could not find an 'annotation declaring class' for annotation type [org.springframework.test.context.ActiveProfiles] and class [com.ergosapiens.ergopay.ErgopayApplicationTests]
10:04:39.639 [Test worker] DEBUG org.springframework.context.annotation.ClassPathScanningCandidateComponentProvider - Identified candidate component class: file [C:\Users\shish\Documents\GitHub\ergosapiens\ergopay\build\classes\java\main\com\ergosapiens\ergopay\ErgopayApplication.class]
10:04:39.640 [Test worker] INFO org.springframework.boot.test.context.SpringBootTestContextBootstrapper - Found @SpringBootConfiguration com.ergosapiens.ergopay.ErgopayApplication for test class com.ergosapiens.ergopay.ErgopayApplicationTests
10:04:39.721 [Test worker] DEBUG org.springframework.boot.test.context.SpringBootTestContextBootstrapper - @TestExecutionListeners is not present for class [com.ergosapiens.ergopay.ErgopayApplicationTests]: using defaults.
10:04:39.722 [Test worker] INFO org.springframework.boot.test.context.SpringBootTestContextBootstrapper - Loaded default TestExecutionListener class names from location [META-INF/spring.factories]: [org.springframework.boot.test.autoconfigure.restdocs.RestDocsTestExecutionListener, org.springframework.boot.test.autoconfigure.web.client.MockRestServiceServerResetTestExecutionListener, org.springframework.boot.test.autoconfigure.web.servlet.MockMvcPrintOnlyOnFailureTestExecutionListener, org.springframework.boot.test.autoconfigure.web.servlet.WebDriverTestExecutionListener, org.springframework.boot.test.autoconfigure.webservices.client.MockWebServiceServerTestExecutionListener, org.springframework.boot.test.mock.mockito.MockitoTestExecutionListener, org.springframework.boot.test.mock.mockito.ResetMocksTestExecutionListener, org.springframework.test.context.web.ServletTestExecutionListener, org.springframework.test.context.support.DirtiesContextBeforeModesTestExecutionListener, org.springframework.test.context.event.ApplicationEventsTestExecutionListener, org.springframework.test.context.support.DependencyInjectionTestExecutionListener, org.springframework.test.context.support.DirtiesContextTestExecutionListener, org.springframework.test.context.transaction.TransactionalTestExecutionListener, org.springframework.test.context.jdbc.SqlScriptsTestExecutionListener, org.springframework.test.context.event.EventPublishingTestExecutionListener]
10:04:39.731 [Test worker] DEBUG org.springframework.boot.test.context.SpringBootTestContextBootstrapper - Skipping candidate TestExecutionListener [org.springframework.test.context.transaction.TransactionalTestExecutionListener] due to a missing dependency. Specify custom listener classes or make the default listener classes and their required dependencies available. Offending class: [org/springframework/transaction/interceptor/TransactionAttributeSource]
10:04:39.731 [Test worker] DEBUG org.springframework.boot.test.context.SpringBootTestContextBootstrapper - Skipping candidate TestExecutionListener [org.springframework.test.context.jdbc.SqlScriptsTestExecutionListener] due to a missing dependency. Specify custom listener classes or make the default listener classes and their required dependencies available. Offending class: [org/springframework/transaction/interceptor/TransactionAttribute]
10:04:39.732 [Test worker] INFO org.springframework.boot.test.context.SpringBootTestContextBootstrapper - Using TestExecutionListeners: [org.springframework.test.context.web.ServletTestExecutionListener@63648ee9, org.springframework.test.context.support.DirtiesContextBeforeModesTestExecutionListener@68d6972f, org.springframework.test.context.event.ApplicationEventsTestExecutionListener@45be7cd5, org.springframework.boot.test.mock.mockito.MockitoTestExecutionListener@7651218e, org.springframework.boot.test.autoconfigure.SpringBootDependencyInjectionTestExecutionListener@3185fa6b, org.springframework.test.context.support.DirtiesContextTestExecutionListener@6d366c9b, org.springframework.test.context.event.EventPublishingTestExecutionListener@5b58ed3c, org.springframework.boot.test.autoconfigure.restdocs.RestDocsTestExecutionListener@24faea88, org.springframework.boot.test.autoconfigure.web.client.MockRestServiceServerResetTestExecutionListener@3a320ade, org.springframework.boot.test.autoconfigure.web.servlet.MockMvcPrintOnlyOnFailureTestExecutionListener@64beebb7, org.springframework.boot.test.autoconfigure.web.servlet.WebDriverTestExecutionListener@7813cb11, org.springframework.boot.test.autoconfigure.webservices.client.MockWebServiceServerTestExecutionListener@bcec031, org.springframework.boot.test.mock.mockito.ResetMocksTestExecutionListener@21005f6c]
10:04:39.735 [Test worker] DEBUG org.springframework.test.context.support.AbstractDirtiesContextTestExecutionListener - Before test class: context [DefaultTestContext@6e16b8b5 testClass = ErgopayApplicationTests, testInstance = [null], testMethod = [null], testException = [null], mergedContextConfiguration = [WebMergedContextConfiguration@43b4fe19 testClass = ErgopayApplicationTests, locations = '{}', classes = '{class com.ergosapiens.ergopay.ErgopayApplication}', contextInitializerClasses = '[]', activeProfiles = '{}', propertySourceLocations = '{}', propertySourceProperties = '{org.springframework.boot.test.context.SpringBootTestContextBootstrapper=true}', contextCustomizers = set[org.springframework.boot.test.autoconfigure.actuate.metrics.MetricsExportContextCustomizerFactory$DisableMetricExportContextCustomizer@33308786, org.springframework.boot.test.autoconfigure.properties.PropertyMappingContextCustomizer@0, org.springframework.boot.test.autoconfigure.web.servlet.WebDriverContextCustomizerFactory$Customizer@561868a0, org.springframework.boot.test.context.filter.ExcludeFilterContextCustomizer@21a21c64, org.springframework.boot.test.json.DuplicateJsonObjectContextCustomizerFactory$DuplicateJsonObjectContextCustomizer@531f4093, org.springframework.boot.test.mock.mockito.MockitoContextCustomizer@0, org.springframework.boot.test.web.client.TestRestTemplateContextCustomizer@3568f9d2, org.springframework.boot.test.context.SpringBootTestArgs@1, org.springframework.boot.test.context.SpringBootTestWebEnvironment@6f46426d], resourceBasePath = 'src/main/webapp', contextLoader = 'org.springframework.boot.test.context.SpringBootContextLoader', parent = [null]], attributes = map['org.springframework.test.context.web.ServletTestExecutionListener.activateListener' -> true]], class annotated with @DirtiesContext [false] with mode [null].
10:04:39.771 [Test worker] DEBUG org.springframework.boot.ApplicationServletEnvironment - Activating profiles []
10:04:39.772 [Test worker] DEBUG org.springframework.test.context.support.TestPropertySourceUtils - Adding inlined properties to environment: {spring.jmx.enabled=false, org.springframework.boot.test.context.SpringBootTestContextBootstrapper=true}

  .   ____          _            __ _ _
 /\\ / ___'_ __ _ _(_)_ __  __ _ \ \ \ \
( ( )\___ | '_ | '_| | '_ \/ _` | \ \ \ \
 \\/  ___)| |_)| | | | | || (_| |  ) ) ) )
  '  |____| .__|_| |_|_| |_\__, | / / / /
 =========|_|==============|___/=/_/_/_/
 :: Spring Boot ::                (v2.6.2)

2022-08-07 10:04:39.996  INFO 18324 --- [    Test worker] c.e.ergopay.ErgopayApplicationTests      : Starting ErgopayApplicationTests using Java 17.0.2 on ShishirPC with PID 18324 (started by shish in C:\Users\shish\Documents\GitHub\ergosapiens\ergopay)
2022-08-07 10:04:39.997  INFO 18324 --- [    Test worker] c.e.ergopay.ErgopayApplicationTests      : No active profile set, falling back to default profiles: default
2022-08-07 10:04:41.168  INFO 18324 --- [    Test worker] c.e.ergopay.ErgopayApplicationTests      : Started ErgopayApplicationTests in 1.395 seconds (JVM running for 2.428)
]]></system-out>
  <system-err><![CDATA[]]></system-err>
</testsuite>
